0 verbose cli C:\Program Files\nodejs\node.exe C:\Users\Noddy\AppData\Roaming\npm\node_modules\npm\bin\npm-cli.js
1 info using npm@11.1.0
2 info using node@v22.11.0
3 silly config load:file:C:\Users\Noddy\AppData\Roaming\npm\node_modules\npm\npmrc
4 silly config load:file:C:\Users\nathanodonnell\dev\barking-smart-admin\.npmrc
5 silly config load:file:C:\Users\Noddy\.npmrc
6 silly config load:file:C:\Users\Noddy\AppData\Roaming\npm\etc\npmrc
7 verbose title npm run lint .eslintcache
8 verbose argv "run" "lint" "--cache-location" ".eslintcache" "--cache" "false"
9 verbose logfile logs-max:10 dir:C:\Users\nathanodonnell\dev\barking-smart-admin\false\_logs\2025-03-23T06_16_49_778Z-
10 verbose logfile C:\Users\nathanodonnell\dev\barking-smart-admin\false\_logs\2025-03-23T06_16_49_778Z-debug-0.log
11 silly logfile done cleaning log files
12 http fetch GET 200 https://registry.npmjs.org/npm 157ms
13 verbose cwd C:\Users\nathanodonnell\dev\barking-smart-admin
14 verbose os Windows_NT 10.0.19045
15 verbose node v22.11.0
16 verbose npm  v11.1.0
17 notice
17 notice New [33mminor[39m version of npm available! [33m11.1.0[39m -> [34m11.2.0[39m
17 notice Changelog: [34mhttps://github.com/npm/cli/releases/tag/v11.2.0[39m
17 notice To update run: [4mnpm install -g npm@11.2.0[24m
17 notice  { force: true, [Symbol(proc-log.meta)]: true }
18 verbose exit 2
19 verbose code 2
